2021-04-26 15:30:03,722 - numexpr.utils - INFO - NumExpr defaulting to 4 threads.
2021-04-27 09:27:15,538 - numexpr.utils - INFO - NumExpr defaulting to 8 threads.
2021-05-26 16:21:43,056 - numexpr.utils - INFO - NumExpr defaulting to 4 threads.
2021-05-27 08:17:07,301 - numexpr.utils - INFO - NumExpr defaulting to 4 threads.
2021-05-27 08:18:12,229 - numexpr.utils - INFO - NumExpr defaulting to 4 threads.
2021-05-27 08:30:38,553 - numexpr.utils - INFO - NumExpr defaulting to 4 threads.
2021-05-27 08:30:44,630 - numexpr.utils - INFO - NumExpr defaulting to 4 threads.
2021-05-28 15:16:37,644 - matplotlib.legend - WARNING - No handles with labels found to put in legend.
2021-05-28 15:18:17,575 - matplotlib.legend - WARNING - No handles with labels found to put in legend.
2021-05-28 15:23:06,139 - matplotlib.legend - WARNING - No handles with labels found to put in legend.
2021-05-28 15:24:27,244 - matplotlib.legend - WARNING - No handles with labels found to put in legend.
2021-05-28 15:34:23,634 - matplotlib.legend - WARNING - No handles with labels found to put in legend.
2021-05-28 15:34:38,406 - matplotlib.legend - WARNING - No handles with labels found to put in legend.
2021-05-28 15:34:51,023 - matplotlib.legend - WARNING - No handles with labels found to put in legend.
2021-05-28 17:08:37,530 - numexpr.utils - INFO - NumExpr defaulting to 4 threads.
2021-05-29 21:00:03,640 - numexpr.utils - INFO - NumExpr defaulting to 4 threads.
2021-05-29 21:00:34,031 - numexpr.utils - INFO - NumExpr defaulting to 4 threads.
2021-05-29 21:26:08,696 - numexpr.utils - INFO - NumExpr defaulting to 4 threads.
2021-05-29 21:28:27,574 - numexpr.utils - INFO - NumExpr defaulting to 4 threads.
2021-05-30 12:49:14,132 - matplotlib.legend - WARNING - No handles with labels found to put in legend.
2021-05-30 12:50:02,486 - matplotlib.legend - WARNING - No handles with labels found to put in legend.
2021-05-30 12:50:44,823 - matplotlib.legend - WARNING - No handles with labels found to put in legend.
2021-05-30 14:35:02,441 - numexpr.utils - INFO - NumExpr defaulting to 4 threads.
2021-10-20 12:52:07,201 - matplotlib - WARNING - Bad value in file WindowsPath('E:/anaconda/envs/Python38/lib/site-packages/matplotlib/mpl-data/stylelib/classic.mplstyle'), line 15 ('lines.dash_joinstyle : round        # miter|round|bevel'): name '_deprecate_case_insensitive_join_cap' is not defined
2021-10-20 12:52:07,201 - matplotlib - WARNING - Bad value in file WindowsPath('E:/anaconda/envs/Python38/lib/site-packages/matplotlib/mpl-data/stylelib/classic.mplstyle'), line 16 ('lines.dash_capstyle : butt          # butt|round|projecting'): name '_deprecate_case_insensitive_join_cap' is not defined
2021-10-20 12:52:07,201 - matplotlib - WARNING - Bad value in file WindowsPath('E:/anaconda/envs/Python38/lib/site-packages/matplotlib/mpl-data/stylelib/classic.mplstyle'), line 17 ('lines.solid_joinstyle : round       # miter|round|bevel'): name '_deprecate_case_insensitive_join_cap' is not defined
2021-10-20 12:52:07,201 - matplotlib - WARNING - Bad value in file WindowsPath('E:/anaconda/envs/Python38/lib/site-packages/matplotlib/mpl-data/stylelib/classic.mplstyle'), line 18 ('lines.solid_capstyle : projecting   # butt|round|projecting'): name '_deprecate_case_insensitive_join_cap' is not defined
2021-10-20 12:52:07,217 - matplotlib - WARNING - Bad value in file WindowsPath('E:/anaconda/envs/Python38/lib/site-packages/matplotlib/mpl-data/stylelib/classic.mplstyle'), line 235 ("date.converter:                  auto  # 'auto', 'concise'"): 'date.converter is not a valid rc parameter (see rcParams.keys() for a list of valid parameters)'
2021-10-20 12:52:07,217 - matplotlib - WARNING - Bad value in file WindowsPath('E:/anaconda/envs/Python38/lib/site-packages/matplotlib/mpl-data/stylelib/fivethirtyeight.mplstyle'), line 5 ('lines.solid_capstyle: butt'): name '_deprecate_case_insensitive_join_cap' is not defined
2021-10-20 12:52:07,217 - matplotlib - WARNING - Bad value in file WindowsPath('E:/anaconda/envs/Python38/lib/site-packages/matplotlib/mpl-data/stylelib/seaborn-dark.mplstyle'), line 19 ('lines.solid_capstyle: round'): name '_deprecate_case_insensitive_join_cap' is not defined
2021-10-20 12:52:07,217 - matplotlib - WARNING - Bad value in file WindowsPath('E:/anaconda/envs/Python38/lib/site-packages/matplotlib/mpl-data/stylelib/seaborn-darkgrid.mplstyle'), line 19 ('lines.solid_capstyle: round'): name '_deprecate_case_insensitive_join_cap' is not defined
2021-10-20 12:52:07,217 - matplotlib - WARNING - Bad value in file WindowsPath('E:/anaconda/envs/Python38/lib/site-packages/matplotlib/mpl-data/stylelib/seaborn-ticks.mplstyle'), line 19 ('lines.solid_capstyle: round'): name '_deprecate_case_insensitive_join_cap' is not defined
2021-10-20 12:52:07,217 - matplotlib - WARNING - Bad value in file WindowsPath('E:/anaconda/envs/Python38/lib/site-packages/matplotlib/mpl-data/stylelib/seaborn-white.mplstyle'), line 19 ('lines.solid_capstyle: round'): name '_deprecate_case_insensitive_join_cap' is not defined
2021-10-20 12:52:07,217 - matplotlib - WARNING - Bad value in file WindowsPath('E:/anaconda/envs/Python38/lib/site-packages/matplotlib/mpl-data/stylelib/seaborn-whitegrid.mplstyle'), line 19 ('lines.solid_capstyle: round'): name '_deprecate_case_insensitive_join_cap' is not defined
2021-10-20 12:52:07,217 - matplotlib - WARNING - Bad value in file WindowsPath('E:/anaconda/envs/Python38/lib/site-packages/matplotlib/mpl-data/stylelib/seaborn.mplstyle'), line 34 ('lines.solid_capstyle: round'): name '_deprecate_case_insensitive_join_cap' is not defined
2021-10-20 12:52:07,217 - matplotlib - WARNING - Bad value in file WindowsPath('E:/anaconda/envs/Python38/lib/site-packages/matplotlib/mpl-data/stylelib/Solarize_Light2.mplstyle'), line 26 ('lines.solid_capstyle: butt'): name '_deprecate_case_insensitive_join_cap' is not defined
